<?xml version="1.0" encoding="UTF-8"?>
<testng-results ignored="0" total="1" passed="1" failed="0" skipped="0">
  <reporter-output>
  </reporter-output>
  <suite started-at="2024-10-08T16:45:03 WAT" name="Default suite" finished-at="2024-10-08T16:45:22 WAT" duration-ms="18585">
    <groups>
    </groups>
    <test started-at="2024-10-08T16:45:03 WAT" name="Default test" finished-at="2024-10-08T16:45:22 WAT" duration-ms="18585">
      <class name="demo.Test1">
        <test-method is-config="true" signature="setUp()[pri:0, instance:demo.Test1@5bda8e08]" started-at="2024-10-08T16:45:04 WAT" name="setUp" finished-at="2024-10-08T16:45:08 WAT" duration-ms="4952" status="PASS">
          <reporter-output>
          </reporter-output>
        </test-method> <!-- setUp -->
        <test-method signature="test1()[pri:0, instance:demo.Test1@5bda8e08]" started-at="2024-10-08T16:45:09 WAT" name="test1" finished-at="2024-10-08T16:45:21 WAT" duration-ms="12939" status="PASS">
          <reporter-output>
          </reporter-output>
        </test-method> <!-- test1 -->
        <test-method is-config="true" signature="tearDown()[pri:0, instance:demo.Test1@5bda8e08]" started-at="2024-10-08T16:45:21 WAT" name="tearDown" finished-at="2024-10-08T16:45:22 WAT" duration-ms="557" status="PASS">
          <reporter-output>
          </reporter-output>
        </test-method> <!-- tearDown -->
      </class> <!-- demo.Test1 -->
    </test> <!-- Default test -->
  </suite> <!-- Default suite -->
</testng-results>
